<?xml version="1.0" encoding="UTF-8"?>
<!-- Generated by org.testng.reporters.JUnitReportReporter -->
<testsuite hostname="admin" failures="0" tests="1" name="WebTables.Part1" time="22.165" errors="0" timestamp="2022-03-03T23:43:34 IST" skipped="0">
  <testcase classname="WebTables.Part1" name="element" time="22.165"/>
  <system-out/>
</testsuite> <!-- WebTables.Part1 -->
