<?xml version="1.0" encoding="UTF-8"?>
<!-- Generated by org.testng.reporters.JUnitReportReporter -->
<testsuite hostname="admin" failures="0" tests="6" name="Annotations.Demo" time="0.039" errors="0" timestamp="2022-01-19T17:50:49 IST" skipped="0">
  <testcase classname="Annotations.Demo" name="test" time="0.014"/>
  <system-out/>
  <testcase classname="Annotations.Demo" name="test2" time="0.006"/>
  <system-out/>
  <testcase classname="Annotations.Demo" name="test" time="0.003"/>
  <system-out/>
  <testcase classname="Annotations.Demo" name="test" time="0.004"/>
  <system-out/>
  <testcase classname="Annotations.Demo" name="test2" time="0.006"/>
  <system-out/>
  <testcase classname="Annotations.Demo" name="test2" time="0.006"/>
  <system-out/>
</testsuite> <!-- Annotations.Demo -->
