<?xml version="1.0" encoding="UTF-8"?>
<!-- Generated by org.testng.reporters.JUnitReportReporter -->
<testsuite hostname="admin" failures="0" tests="1" name="differentBrowsers.ChromeDriver1" time="12.020" errors="0" timestamp="2022-01-29T22:32:44 IST" skipped="0">
  <testcase classname="differentBrowsers.ChromeDriver1" name="test" time="12.020"/>
  <system-out/>
</testsuite> <!-- differentBrowsers.ChromeDriver1 -->
