<?xml version="1.0" encoding="UTF-8"?>
<!-- Generated by org.testng.reporters.JUnitReportReporter -->
<testsuite hostname="admin" failures="0" tests="1" name="WebTables.BookCode" time="16.466" errors="0" timestamp="2022-08-18T09:50:24 IST" skipped="0">
  <testcase classname="WebTables.BookCode" name="element" time="16.466"/>
  <system-out/>
</testsuite> <!-- WebTables.BookCode -->
