<?xml version="1.0" encoding="UTF-8"?>
<!-- Generated by org.testng.reporters.JUnitReportReporter -->
<testsuite hostname="admin" failures="0" tests="1" name="SleniumWaits.DemoGoogle" time="30.803" errors="0" timestamp="2022-02-17T16:29:14 IST" skipped="0">
  <testcase classname="SleniumWaits.DemoGoogle" name="demo" time="30.803"/>
  <system-out/>
</testsuite> <!-- SleniumWaits.DemoGoogle -->
