<?xml version="1.0" encoding="UTF-8"?>
<!-- Generated by org.testng.reporters.JUnitReportReporter -->
<testsuite hostname="admin" failures="0" tests="1" name="DataProviderPracties.TestDataProvidingBoolean" time="0.023" errors="0" timestamp="2022-01-21T12:25:04 IST" skipped="0">
  <testcase classname="DataProviderPracties.TestDataProvidingBoolean" name="dataString" time="0.023"/>
  <system-out/>
</testsuite> <!-- DataProviderPracties.TestDataProvidingBoolean -->
