<?xml version="1.0" encoding="UTF-8"?>
<!-- Generated by org.testng.reporters.JUnitReportReporter -->
<testsuite hostname="admin" failures="0" tests="1" name="BrokenLink.BrokenLi" time="163.804" errors="0" timestamp="2022-02-18T11:20:16 IST" skipped="0">
  <testcase classname="BrokenLink.BrokenLi" name="demo" time="163.804"/>
  <system-out/>
</testsuite> <!-- BrokenLink.BrokenLi -->
