<?xml version="1.0" encoding="UTF-8"?>
<!-- Generated by org.testng.reporters.JUnitReportReporter -->
<testsuite hostname="admin" failures="0" tests="1" name="differentBrowsers.firefox" time="29.147" errors="0" timestamp="2022-01-30T21:18:32 IST" skipped="0">
  <testcase classname="differentBrowsers.firefox" name="fire" time="29.147"/>
  <system-out/>
</testsuite> <!-- differentBrowsers.firefox -->
