<?xml version="1.0" encoding="UTF-8"?>
<!-- Generated by org.testng.reporters.JUnitReportReporter -->
<testsuite hostname="admin" failures="0" tests="1" name="Section17.TextOnWebPage" time="10.110" errors="0" timestamp="2022-02-17T22:10:34 IST" skipped="0">
  <testcase classname="Section17.TextOnWebPage" name="placeHolder" time="10.110"/>
  <system-out/>
</testsuite> <!-- Section17.TextOnWebPage -->
