<?xml version="1.0" encoding="UTF-8"?>
<!-- Generated by org.testng.reporters.JUnitReportReporter -->
<testsuite hostname="admin" failures="0" tests="1" name="JavaScriptExecuter.one" time="20.611" errors="0" timestamp="2022-03-04T00:27:28 IST" skipped="0">
  <testcase classname="JavaScriptExecuter.one" name="Login" time="20.611"/>
  <system-out/>
</testsuite> <!-- JavaScriptExecuter.one -->
