<?xml version="1.0" encoding="UTF-8"?>
<!-- Generated by org.testng.reporters.JUnitReportReporter -->
<testsuite hostname="admin" failures="0" tests="1" name="MyProject.one" time="15.993" errors="0" timestamp="2022-05-28T16:14:57 IST" skipped="0">
  <testcase classname="MyProject.one" name="open" time="15.993"/>
  <system-out/>
</testsuite> <!-- MyProject.one -->
