<?xml version="1.0" encoding="UTF-8"?>
<!-- Generated by org.testng.reporters.JUnitReportReporter -->
<testsuite hostname="admin" failures="0" tests="1" name="DataProvider.DataPRoviderIntigrationExample" time="0.004" errors="0" timestamp="2022-01-29T22:25:35 IST" skipped="0">
  <testcase classname="DataProvider.DataPRoviderIntigrationExample" name="IntegrationLevel" time="0.004"/>
  <system-out/>
</testsuite> <!-- DataProvider.DataPRoviderIntigrationExample -->
