<?xml version="1.0" encoding="UTF-8"?>
<!-- Generated by org.testng.reporters.JUnitReportReporter -->
<testsuite hostname="admin" failures="0" tests="1" name="Annotations1.Demo2" time="0.028" errors="0" timestamp="2022-01-19T18:10:21 IST" skipped="0">
  <testcase classname="Annotations1.Demo2" name="test5" time="0.028"/>
  <system-out/>
</testsuite> <!-- Annotations1.Demo2 -->
