<?xml version="1.0" encoding="UTF-8"?>
<!-- Generated by org.testng.reporters.JUnitReportReporter -->
<testsuite hostname="admin" failures="0" tests="1" name="WebTables.Book" time="35.014" errors="0" timestamp="2022-08-10T12:26:07 IST" skipped="0">
  <testcase classname="WebTables.Book" name="Rows" time="35.014"/>
  <system-out/>
</testsuite> <!-- WebTables.Book -->
