<?xml version="1.0" encoding="UTF-8"?>
<!-- Generated by org.testng.reporters.JUnitReportReporter -->
<testsuite hostname="admin" failures="0" tests="2" name="DataProviderPracties.ATestClass" time="0.024" errors="0" timestamp="2022-01-29T22:25:35 IST" skipped="0">
  <testcase classname="DataProviderPracties.ATestClass" name="Test" time="0.019"/>
  <system-out/>
  <testcase classname="DataProviderPracties.ATestClass" name="test" time="0.005"/>
  <system-out/>
</testsuite> <!-- DataProviderPracties.ATestClass -->
