<?xml version="1.0" encoding="UTF-8"?>
<!-- Generated by org.testng.reporters.JUnitReportReporter -->
<testsuite hostname="admin" failures="0" tests="2" name="Annotations.Demoa" time="0.016" errors="0" timestamp="2022-01-19T17:50:49 IST" skipped="0">
  <testcase classname="Annotations.Demoa" name="test" time="0.010"/>
  <system-out/>
  <testcase classname="Annotations.Demoa" name="test2" time="0.006"/>
  <system-out/>
</testsuite> <!-- Annotations.Demoa -->
