<?xml version="1.0" encoding="UTF-8"?>
<!-- Generated by org.testng.reporters.JUnitReportReporter -->
<testsuite hostname="admin" failures="0" tests="1" name="DataProviderPracties.TestDataProviding" time="0.021" errors="0" timestamp="2022-01-21T11:51:37 IST" skipped="0">
  <testcase classname="DataProviderPracties.TestDataProviding" name="testData" time="0.021"/>
  <system-out/>
</testsuite> <!-- DataProviderPracties.TestDataProviding -->
