<?xml version="1.0" encoding="UTF-8"?>
<!-- Generated by org.testng.reporters.JUnitReportReporter -->
<testsuite hostname="admin" failures="0" tests="1" name="Frames.iframe1" time="26.247" errors="0" timestamp="2022-02-18T22:11:46 IST" skipped="0">
  <testcase classname="Frames.iframe1" name="iframe" time="26.247"/>
  <system-out/>
</testsuite> <!-- Frames.iframe1 -->
