<?xml version="1.0" encoding="UTF-8"?>
<!-- Generated by org.testng.reporters.JUnitReportReporter -->
<testsuite hostname="admin" failures="0" tests="1" name="Practice.Framess" time="51.494" errors="0" timestamp="2022-05-11T19:42:12 IST" skipped="0">
  <testcase classname="Practice.Framess" name="FRAME" time="51.494"/>
  <system-out/>
</testsuite> <!-- Practice.Framess -->
