<?xml version="1.0" encoding="UTF-8"?>
<!-- Generated by org.testng.reporters.JUnitReportReporter -->
<testsuite hostname="admin" failures="0" tests="1" name="Options.SetbinaryChrome" time="14.864" errors="0" timestamp="2022-01-31T21:59:56 IST" skipped="0">
  <testcase classname="Options.SetbinaryChrome" name="AddArguements" time="14.864"/>
  <system-out/>
</testsuite> <!-- Options.SetbinaryChrome -->
