<?xml version="1.0" encoding="UTF-8"?>
<!-- Generated by org.testng.reporters.JUnitReportReporter -->
<testsuite hostname="admin" failures="0" tests="1" name="differentBrowsers.DynamicallyOpenBrowser" time="11.754" errors="0" timestamp="2022-01-31T12:06:09 IST" skipped="0">
  <testcase classname="differentBrowsers.DynamicallyOpenBrowser" name="test1" time="11.754"/>
  <system-out/>
</testsuite> <!-- differentBrowsers.DynamicallyOpenBrowser -->
