<?xml version="1.0" encoding="UTF-8"?>
<!-- Generated by org.testng.reporters.JUnitReportReporter -->
<testsuite hostname="admin" failures="0" tests="1" name="SleniumWaits.PageloadTimeOutt" time="30.776" errors="0" timestamp="2022-02-17T17:04:48 IST" skipped="0">
  <testcase classname="SleniumWaits.PageloadTimeOutt" name="demo" time="30.776"/>
  <system-out/>
</testsuite> <!-- SleniumWaits.PageloadTimeOutt -->
