<?xml version="1.0" encoding="UTF-8"?>
<!-- Generated by org.testng.reporters.JUnitReportReporter -->
<testsuite hostname="admin" failures="0" tests="3" name="ElementVisibility.visibilityElement" time="17.517" errors="0" timestamp="2022-02-18T23:52:36 IST" skipped="2">
  <testcase classname="ElementVisibility.visibilityElement" name="selected" time="17.517"/>
  <system-out/>
  <testcase classname="ElementVisibility.visibilityElement" name="CheckVisibility">
    <skipped/>
  </testcase> <!-- CheckVisibility -->
  <system-out/>
  <testcase classname="ElementVisibility.visibilityElement" name="enabled">
    <skipped/>
  </testcase> <!-- enabled -->
  <system-out/>
</testsuite> <!-- ElementVisibility.visibilityElement -->
