<?xml version="1.0" encoding="UTF-8"?>
<!-- Generated by org.testng.reporters.JUnitReportReporter -->
<testsuite hostname="admin" failures="0" tests="1" name="WebTables.Part2" time="37.186" errors="0" timestamp="2022-09-02T11:04:49 IST" skipped="0">
  <testcase classname="WebTables.Part2" name="element1" time="37.186"/>
  <system-out/>
</testsuite> <!-- WebTables.Part2 -->
