<?xml version="1.0" encoding="UTF-8"?>
<!-- Generated by org.testng.reporters.JUnitReportReporter -->
<testsuite hostname="admin" failures="0" tests="3" name="DataProvider.DataProviderParameterExample" time="0.013" errors="0" timestamp="2022-01-29T22:25:35 IST" skipped="0">
  <testcase classname="DataProvider.DataProviderParameterExample" name="scenario2" time="0.003"/>
  <system-out/>
  <testcase classname="DataProvider.DataProviderParameterExample" name="commonscenario" time="0.004"/>
  <system-out/>
  <testcase classname="DataProvider.DataProviderParameterExample" name="scenario1" time="0.006"/>
  <system-out/>
</testsuite> <!-- DataProvider.DataProviderParameterExample -->
